<?xml version="1.0" encoding="UTF-8"?>
<!-- Generated by org.testng.reporters.JUnitReportReporter -->
<testsuite name="HotelBookingUiTest" tests="1" time="7.068" ignored="0" failures="0" timestamp="03 Mar 2017 09:15:06 GMT" skipped="0" hostname="Kates-MacBook-Pro.local" errors="0">
  <testcase name="shouldCreateBooking" time="7.068" classname="HotelBookingUiTest"/>
</testsuite> <!-- HotelBookingUiTest -->
