<?xml version="1.0" encoding="UTF-8"?>
<!-- Generated by org.testng.reporters.JUnitReportReporter -->
<testsuite name="HotelBookingApiTest" tests="3" time="0.989" ignored="0" failures="0" timestamp="03 Mar 2017 09:27:58 GMT" skipped="0" hostname="Kates-MacBook-Pro.local" errors="0">
  <testcase name="shouldErrorWhenGettingInvalidBookingId" time="0.056" classname="HotelBookingApiTest"/>
  <testcase name="shouldCreateBooking" time="0.757" classname="HotelBookingApiTest"/>
  <testcase name="shouldRemoveBooking" time="0.176" classname="HotelBookingApiTest"/>
</testsuite> <!-- HotelBookingApiTest -->
